<?xml version="1.0" encoding="UTF-8"?>
<!-- Generated by org.testng.reporters.JUnitReportReporter -->
<testsuite hostname="LAPTOP-5CK4J9DQ" failures="0" tests="3" name="com.facebook.pom_PageFactory.LoginTestWithPageFactory" time="18.491" errors="0" timestamp="2023-10-08T20:59:50 EDT" skipped="0">
  <testcase classname="com.facebook.pom_PageFactory.LoginTestWithPageFactory" name="boundaryLoginTest" time="7.396"/>
  <system-out/>
  <testcase classname="com.facebook.pom_PageFactory.LoginTestWithPageFactory" name="inValidLoginTest" time="3.646"/>
  <system-out/>
  <testcase classname="com.facebook.pom_PageFactory.LoginTestWithPageFactory" name="validLoginTest" time="7.449"/>
  <system-out/>
</testsuite> <!-- com.facebook.pom_PageFactory.LoginTestWithPageFactory -->
