<?xml version="1.0" encoding="UTF-8"?>
<!-- Generated by org.testng.reporters.JUnitReportReporter -->
<testsuite hostname="LAPTOP-5CK4J9DQ" failures="0" tests="3" name="com.facebook.pageFactory.LoginTest" time="9.611" errors="0" timestamp="2023-10-09T23:25:32 EDT" skipped="0">
  <testcase classname="com.facebook.pageFactory.LoginTest" name="boundaryLoginTest" time="1.722"/>
  <system-out/>
  <testcase classname="com.facebook.pageFactory.LoginTest" name="invalidLoginTest" time="6.273"/>
  <system-out/>
  <testcase classname="com.facebook.pageFactory.LoginTest" name="validLoginTest" time="1.616"/>
  <system-out/>
</testsuite> <!-- com.facebook.pageFactory.LoginTest -->
