<?xml version="1.0" encoding="UTF-8"?>
<!-- Generated by org.testng.reporters.JUnitReportReporter -->
<testsuite hostname="LAPTOP-5CK4J9DQ" failures="0" tests="2" name="com.facebook.pageObjecModel_LoginTests.LoginTest" time="6.292" errors="0" timestamp="2023-10-08T00:24:42 EDT" skipped="0">
  <testcase classname="com.facebook.pageObjecModel_LoginTests.LoginTest" name="validLoginTest" time="1.967"/>
  <system-out/>
  <testcase classname="com.facebook.pageObjecModel_LoginTests.LoginTest" name="invalidLoginTest" time="4.325"/>
  <system-out/>
</testsuite> <!-- com.facebook.pageObjecModel_LoginTests.LoginTest -->
