<?xml version="1.0" encoding="UTF-8"?>
<!-- Generated by org.testng.reporters.JUnitReportReporter -->
<testsuite hostname="LAPTOP-5CK4J9DQ" failures="0" tests="1" name="com.facebook.baseLoginTest.LoginTest" time="3.395" errors="0" timestamp="2023-10-09T23:34:41 EDT" skipped="0">
  <testcase classname="com.facebook.baseLoginTest.LoginTest" name="validLoginTest" time="3.395"/>
  <system-out/>
</testsuite> <!-- com.facebook.baseLoginTest.LoginTest -->
