<?xml version="1.0" encoding="UTF-8"?>
<!-- Generated by org.testng.reporters.JUnitReportReporter -->
<testsuite hostname="LAPTOP-5CK4J9DQ" failures="0" tests="1" name="com.facebook.locators.RegularXpath" time="0.211" errors="0" timestamp="2023-10-06T01:32:54 EDT" skipped="0">
  <testcase classname="com.facebook.locators.RegularXpath" name="loginTest" time="0.211"/>
  <system-out/>
</testsuite> <!-- com.facebook.locators.RegularXpath -->
