<?xml version="1.0" encoding="UTF-8"?>
<!-- Generated by org.testng.reporters.JUnitReportReporter -->
<testsuite hostname="LAPTOP-5CK4J9DQ" failures="0" tests="3" name="com.facebook.pageFactory.LoginTest" time="5.616" errors="0" timestamp="2023-10-08T21:10:57 EDT" skipped="0">
  <testcase classname="com.facebook.pageFactory.LoginTest" name="validLoginTest" time="1.560"/>
  <system-out/>
  <testcase classname="com.facebook.pageFactory.LoginTest" name="invalidLoginTest" time="2.453"/>
  <system-out/>
  <testcase classname="com.facebook.pageFactory.LoginTest" name="boundaryLoginTest" time="1.603"/>
  <system-out/>
</testsuite> <!-- com.facebook.pageFactory.LoginTest -->
