<?xml version="1.0" encoding="UTF-8"?>
<!-- Generated by org.testng.reporters.JUnitReportReporter -->
<testsuite hostname="LAPTOP-5CK4J9DQ" failures="0" tests="3" name="com.facebook.locators.DoubleXpatht" time="0.633" errors="0" timestamp="2023-10-07T21:50:15 EDT" skipped="0">
  <testcase classname="com.facebook.locators.DoubleXpatht" name="orCondition" time="0.067"/>
  <system-out/>
  <testcase classname="com.facebook.locators.DoubleXpatht" name="andCondition" time="0.069"/>
  <system-out/>
  <testcase classname="com.facebook.locators.DoubleXpatht" name="doublexPathTest" time="0.497"/>
  <system-out/>
</testsuite> <!-- com.facebook.locators.DoubleXpatht -->
