<?xml version="1.0" encoding="UTF-8"?>
<!-- Generated by org.testng.reporters.JUnitReportReporter -->
<testsuite hostname="LAPTOP-5CK4J9DQ" failures="0" tests="3" name="com.facebookTest.FacebookTest" time="10.376" errors="0" timestamp="2023-10-05T00:27:56 EDT" skipped="0">
  <testcase classname="com.facebookTest.FacebookTest" name="testOne" time="0.001"/>
  <system-out/>
  <testcase classname="com.facebookTest.FacebookTest" name="openEdgeBrowser" time="5.486"/>
  <system-out/>
  <testcase classname="com.facebookTest.FacebookTest" name="openChromeBrowser" time="4.889"/>
  <system-out/>
</testsuite> <!-- com.facebookTest.FacebookTest -->
