<?xml version="1.0" encoding="UTF-8"?>
<!-- Generated by org.testng.reporters.JUnitReportReporter -->
<testsuite hostname="LAPTOP-5CK4J9DQ" failures="0" tests="3" name="com.facebook.locators.DynamicLocators" time="5.461" errors="0" timestamp="2023-10-07T23:14:23 EDT" skipped="0">
  <testcase classname="com.facebook.locators.DynamicLocators" name="dynamicXpath" time="1.563"/>
  <system-out/>
  <testcase classname="com.facebook.locators.DynamicLocators" name="dynamicXpath" time="2.464"/>
  <system-out/>
  <testcase classname="com.facebook.locators.DynamicLocators" name="dynamicXpath" time="1.434"/>
  <system-out/>
</testsuite> <!-- com.facebook.locators.DynamicLocators -->
